This is pdfTeX, Version 3.141592653-2.6-1.40.26 (TeX Live 2024) (preloaded format=pdflatex 2024.4.2)  17 JUN 2024 15:47
entering extended mode
 restricted \write18 enabled.
 file:line:error style messages enabled.
 %&-line parsing enabled.
**atienza-sp-ieee.tex
(./atienza-sp-ieee.tex
LaTeX2e <2023-11-01> patch level 1
L3 programming layer <2024-03-14>
(./IEEE/IEEEtran.cls

LaTeX Warning: You have requested document class `./IEEE/IEEEtran',
               but the document class provides `IEEEtran'.

Document Class: IEEEtran 2002/11/18 revision V1.6b by Michael Shell
-- See the "IEEEtran_HOWTO" manual for usage information.
-- The source comments contain changelog notes.
\@IEEEtrantmpdimenA=\dimen140
\@IEEEtrantmpdimenB=\dimen141
\@IEEEtrantmpcountA=\count188
\@IEEEtrantmpcountB=\count189
\@IEEEtrantmptoksA=\toks17
LaTeX Font Info:    Trying to load font information for OT1+ptm on input line 776.
(/opt/texlive/2024/texmf-dist/tex/latex/psnfss/ot1ptm.fd
File: ot1ptm.fd 2001/06/04 font definitions for OT1/ptm.
)
\@IEEEnormalsizefontbaselineskip=\skip48

-- This is a 10 point document.
\normalsizebaselineskip=\skip49
\normaljot=\skip50
LaTeX Font Info:    Font shape `OT1/ptm/bx/n' in size <5> not available
(Font)              Font shape `OT1/ptm/b/n' tried instead on input line 1095.
LaTeX Font Info:    Font shape `OT1/ptm/bx/it' in size <5> not available
(Font)              Font shape `OT1/ptm/b/it' tried instead on input line 1095.
LaTeX Font Info:    Font shape `OT1/ptm/bx/n' in size <7> not available
(Font)              Font shape `OT1/ptm/b/n' tried instead on input line 1095.
LaTeX Font Info:    Font shape `OT1/ptm/bx/it' in size <7> not available
(Font)              Font shape `OT1/ptm/b/it' tried instead on input line 1095.
LaTeX Font Info:    Font shape `OT1/ptm/bx/n' in size <8> not available
(Font)              Font shape `OT1/ptm/b/n' tried instead on input line 1095.
LaTeX Font Info:    Font shape `OT1/ptm/bx/it' in size <8> not available
(Font)              Font shape `OT1/ptm/b/it' tried instead on input line 1095.
LaTeX Font Info:    Font shape `OT1/ptm/bx/n' in size <9> not available
(Font)              Font shape `OT1/ptm/b/n' tried instead on input line 1095.
LaTeX Font Info:    Font shape `OT1/ptm/bx/it' in size <9> not available
(Font)              Font shape `OT1/ptm/b/it' tried instead on input line 1095.
LaTeX Font Info:    Font shape `OT1/ptm/bx/n' in size <10> not available
(Font)              Font shape `OT1/ptm/b/n' tried instead on input line 1095.
LaTeX Font Info:    Font shape `OT1/ptm/bx/it' in size <10> not available
(Font)              Font shape `OT1/ptm/b/it' tried instead on input line 1095.
LaTeX Font Info:    Font shape `OT1/ptm/bx/n' in size <11> not available
(Font)              Font shape `OT1/ptm/b/n' tried instead on input line 1095.
LaTeX Font Info:    Font shape `OT1/ptm/bx/it' in size <11> not available
(Font)              Font shape `OT1/ptm/b/it' tried instead on input line 1095.
LaTeX Font Info:    Font shape `OT1/ptm/bx/n' in size <12> not available
(Font)              Font shape `OT1/ptm/b/n' tried instead on input line 1095.
LaTeX Font Info:    Font shape `OT1/ptm/bx/it' in size <12> not available
(Font)              Font shape `OT1/ptm/b/it' tried instead on input line 1095.
LaTeX Font Info:    Font shape `OT1/ptm/bx/n' in size <17> not available
(Font)              Font shape `OT1/ptm/b/n' tried instead on input line 1095.
LaTeX Font Info:    Font shape `OT1/ptm/bx/it' in size <17> not available
(Font)              Font shape `OT1/ptm/b/it' tried instead on input line 1095.
LaTeX Font Info:    Font shape `OT1/ptm/bx/n' in size <20> not available
(Font)              Font shape `OT1/ptm/b/n' tried instead on input line 1095.
LaTeX Font Info:    Font shape `OT1/ptm/bx/it' in size <20> not available
(Font)              Font shape `OT1/ptm/b/it' tried instead on input line 1095.
LaTeX Font Info:    Font shape `OT1/ptm/bx/n' in size <24> not available
(Font)              Font shape `OT1/ptm/b/n' tried instead on input line 1095.
LaTeX Font Info:    Font shape `OT1/ptm/bx/it' in size <24> not available
(Font)              Font shape `OT1/ptm/b/it' tried instead on input line 1095.
\IEEEilabelindentA=\dimen142
\IEEEilabelindentB=\dimen143
\IEEEilabelindent=\dimen144
\IEEEelabelindent=\dimen145
\IEEEdlabelindent=\dimen146
\labelindent=\dimen147
\IEEEiednormlabelsep=\dimen148
\IEEEiedmathlabelsep=\dimen149
\IEEEiedtopsep=\skip51
\c@section=\count190
\c@subsection=\count191
\c@subsubsection=\count192
\c@paragraph=\count193
\c@IEEEsubequation=\count194
\abovecaptionskip=\skip52
\belowcaptionskip=\skip53
\c@figure=\count195
\c@table=\count196
\@IEEEeqnnumcols=\count197
\@IEEEeqncolcnt=\count198
\@IEEEtmpitemindent=\dimen150
\c@biography=\count199
\@IEEEtranrubishbin=\box51
) (/opt/texlive/2024/texmf-dist/tex/latex/cite/cite.sty
LaTeX Info: Redefining \cite on input line 302.
LaTeX Info: Redefining \nocite on input line 332.
Package: cite 2015/02/27  v 5.5
) (/opt/texlive/2024/texmf-dist/tex/latex/graphics/graphicx.sty
Package: graphicx 2021/09/16 v1.2d Enhanced LaTeX Graphics (DPC,SPQR)
 (/opt/texlive/2024/texmf-dist/tex/latex/graphics/keyval.sty
Package: keyval 2022/05/29 v1.15 key=value parser (DPC)
\KV@toks@=\toks18
) (/opt/texlive/2024/texmf-dist/tex/latex/graphics/graphics.sty
Package: graphics 2022/03/10 v1.4e Standard LaTeX Graphics (DPC,SPQR)
 (/opt/texlive/2024/texmf-dist/tex/latex/graphics/trig.sty
Package: trig 2021/08/11 v1.11 sin cos tan (DPC)
) (/opt/texlive/2024/texmf-dist/tex/latex/graphics-cfg/graphics.cfg
File: graphics.cfg 2016/06/04 v1.11 sample graphics configuration
)
Package graphics Info: Driver file: pdftex.def on input line 107.
 (/opt/texlive/2024/texmf-dist/tex/latex/graphics-def/pdftex.def
File: pdftex.def 2022/09/22 v1.2b Graphics/color driver for pdftex
))
\Gin@req@height=\dimen151
\Gin@req@width=\dimen152
) (/opt/texlive/2024/texmf-dist/tex/latex/l3backend/l3backend-pdftex.def
File: l3backend-pdftex.def 2024-03-14 L3 backend support: PDF output (pdfTeX)
\l__color_backend_stack_int=\count266
\l__pdf_internal_box=\box52
) (./atienza-sp-ieee.aux)
\openout1 = `atienza-sp-ieee.aux'.

LaTeX Font Info:    Checking defaults for OML/cmm/m/it on input line 24.
LaTeX Font Info:    ... okay on input line 24.
LaTeX Font Info:    Checking defaults for OMS/cmsy/m/n on input line 24.
LaTeX Font Info:    ... okay on input line 24.
LaTeX Font Info:    Checking defaults for OT1/cmr/m/n on input line 24.
LaTeX Font Info:    ... okay on input line 24.
LaTeX Font Info:    Checking defaults for T1/cmr/m/n on input line 24.
LaTeX Font Info:    ... okay on input line 24.
LaTeX Font Info:    Checking defaults for TS1/cmr/m/n on input line 24.
LaTeX Font Info:    ... okay on input line 24.
LaTeX Font Info:    Checking defaults for OMX/cmex/m/n on input line 24.
LaTeX Font Info:    ... okay on input line 24.
LaTeX Font Info:    Checking defaults for U/cmr/m/n on input line 24.
LaTeX Font Info:    ... okay on input line 24.
 (/opt/texlive/2024/texmf-dist/tex/context/base/mkii/supp-pdf.mkii
[Loading MPS to PDF converter (version 2006.09.02).]
\scratchcounter=\count267
\scratchdimen=\dimen153
\scratchbox=\box53
\nofMPsegments=\count268
\nofMParguments=\count269
\everyMPshowfont=\toks19
\MPscratchCnt=\count270
\MPscratchDim=\dimen154
\MPnumerator=\count271
\makeMPintoPDFobject=\count272
\everyMPtoPDFconversion=\toks20
) (/opt/texlive/2024/texmf-dist/tex/latex/epstopdf-pkg/epstopdf-base.sty
Package: epstopdf-base 2020-01-24 v2.11 Base part for package epstopdf
Package epstopdf-base Info: Redefining graphics rule for `.eps' on input line 485.
 (/opt/texlive/2024/texmf-dist/tex/latex/latexconfig/epstopdf-sys.cfg
File: epstopdf-sys.cfg 2010/07/13 v1.3 Configuration of (r)epstopdf for TeX Live
))
LaTeX Font Info:    External font `cmex10' loaded for size
(Font)              <8> on input line 27.
LaTeX Font Info:    External font `cmex10' loaded for size
(Font)              <6> on input line 27.
LaTeX Font Info:    External font `cmex10' loaded for size
(Font)              <5> on input line 27.

Underfull \hbox (badness 10000) in paragraph at lines 66--68

 []

LaTeX Font Info:    Trying to load font information for TS1+ptm on input line 74.
(/opt/texlive/2024/texmf-dist/tex/latex/psnfss/ts1ptm.fd
File: ts1ptm.fd 2001/06/04 font definitions for TS1/ptm.
) [1{/opt/texlive/2024/texmf-var/fonts/map/pdftex/updmap/pdftex.map}{/opt/texlive/2024/texmf-dist/fonts/enc/dvips/base/8r.enc}


] [2]
LaTeX Font Info:    External font `cmex10' loaded for size
(Font)              <7> on input line 144.

Underfull \hbox (badness 6825) in paragraph at lines 201--202
[]$[]$ \OT1/ptm/m/n/10 ubuntu-2404-noble-amd64-
 []


Underfull \hbox (badness 1838) in paragraph at lines 222--224
\OT1/ptm/m/n/10 An open-source UI de-vel-op-ment kit for cross-
 []

[3]
Underfull \hbox (badness 10000) in paragraph at lines 262--263

 []

<./figures/manager/dashboard.jpeg, id=18, 1926.19624pt x 1082.0425pt>
File: ./figures/manager/dashboard.jpeg Graphic file (type jpg)
<use ./figures/manager/dashboard.jpeg>
Package pdftex.def Info: ./figures/manager/dashboard.jpeg  used on input line 277.
(pdftex.def)             Requested size: 221.5226pt x 124.44052pt.

LaTeX Warning: `h' float specifier changed to `ht'.

<./figures/manager/view trip.jpeg, id=19, 1926.19624pt x 1083.04625pt>
File: ./figures/manager/view trip.jpeg Graphic file (type jpg)
<use ./figures/manager/view trip.jpeg>
Package pdftex.def Info: ./figures/manager/view trip.jpeg  used on input line 286.
(pdftex.def)             Requested size: 221.5226pt x 124.55595pt.
<./figures/manager/trip wizard 1.jpeg, id=20, 1926.19624pt x 1083.04625pt>
File: ./figures/manager/trip wizard 1.jpeg Graphic file (type jpg)
<use ./figures/manager/trip wizard 1.jpeg>
Package pdftex.def Info: ./figures/manager/trip wizard 1.jpeg  used on input line 295.
(pdftex.def)             Requested size: 221.5226pt x 124.55595pt.
<./figures/manager/trip wizard 2.jpeg, id=21, 1926.19624pt x 1083.04625pt>
File: ./figures/manager/trip wizard 2.jpeg Graphic file (type jpg)
<use ./figures/manager/trip wizard 2.jpeg>
Package pdftex.def Info: ./figures/manager/trip wizard 2.jpeg  used on input line 303.
(pdftex.def)             Requested size: 221.5226pt x 124.55595pt.

LaTeX Warning: `!h' float specifier changed to `!ht'.

<./figures/manager/trip wizard 3.jpeg, id=22, 1926.19624pt x 1083.04625pt>
File: ./figures/manager/trip wizard 3.jpeg Graphic file (type jpg)
<use ./figures/manager/trip wizard 3.jpeg>
Package pdftex.def Info: ./figures/manager/trip wizard 3.jpeg  used on input line 311.
(pdftex.def)             Requested size: 221.5226pt x 124.55595pt.

LaTeX Warning: `!h' float specifier changed to `!ht'.

<./figures/manager/trip wizard 4.jpeg, id=23, 1926.19624pt x 1083.04625pt>
File: ./figures/manager/trip wizard 4.jpeg Graphic file (type jpg)
<use ./figures/manager/trip wizard 4.jpeg>
Package pdftex.def Info: ./figures/manager/trip wizard 4.jpeg  used on input line 319.
(pdftex.def)             Requested size: 221.5226pt x 124.55595pt.

LaTeX Warning: `!h' float specifier changed to `!ht'.


Underfull \hbox (badness 10000) in paragraph at lines 323--324

 []

[4 <./figures/manager/dashboard.jpeg> <./figures/manager/view trip.jpeg> <./figures/manager/trip wizard 1.jpeg>]
<./figures/manager/route request.jpeg, id=27, 1925.1925pt x 1083.04625pt>
File: ./figures/manager/route request.jpeg Graphic file (type jpg)
<use ./figures/manager/route request.jpeg>
Package pdftex.def Info: ./figures/manager/route request.jpeg  used on input line 331.
(pdftex.def)             Requested size: 221.40717pt x 124.55595pt.


LaTeX Warning: `!h' float specifier changed to `!ht'.

<./figures/manager/alerts.jpeg, id=28, 1926.19624pt x 1083.04625pt>
File: ./figures/manager/alerts.jpeg Graphic file (type jpg)
<use ./figures/manager/alerts.jpeg>
Package pdftex.def Info: ./figures/manager/alerts.jpeg  used on input line 342.
(pdftex.def)             Requested size: 221.5226pt x 124.55595pt.

LaTeX Warning: `!h' float specifier changed to `!ht'.

[5 <./figures/manager/trip wizard 2.jpeg> <./figures/manager/trip wizard 3.jpeg> <./figures/manager/trip wizard 4.jpeg> <./figures/manager/route request.jpeg> <./figures/manager/alerts.jpeg>]
<./figures/client/multiple route.png, id=32, 1084.05pt x 2409.0pt>
File: ./figures/client/multiple route.png Graphic file (type png)
<use ./figures/client/multiple route.png>
Package pdftex.def Info: ./figures/client/multiple route.png  used on input line 365.
(pdftex.def)             Requested size: 108.41135pt x 240.91411pt.
<./figures/client/add alert.png, id=33, 1084.05pt x 2409.0pt>
File: ./figures/client/add alert.png Graphic file (type png)
<use ./figures/client/add alert.png>
Package pdftex.def Info: ./figures/client/add alert.png  used on input line 375.
(pdftex.def)             Requested size: 108.41135pt x 240.91411pt.
<./figures/client/welcome.png, id=34, 1084.05pt x 2409.0pt>
File: ./figures/client/welcome.png Graphic file (type png)
<use ./figures/client/welcome.png>
Package pdftex.def Info: ./figures/client/welcome.png  used on input line 381.
(pdftex.def)             Requested size: 108.41135pt x 240.91411pt.


LaTeX Warning: `!h' float specifier changed to `!ht'.

<./figures/client/home menu.png, id=35, 1084.05pt x 2409.0pt>
File: ./figures/client/home menu.png Graphic file (type png)
<use ./figures/client/home menu.png>
Package pdftex.def Info: ./figures/client/home menu.png  used on input line 387.
(pdftex.def)             Requested size: 108.41135pt x 240.91411pt.

LaTeX Warning: `!h' float specifier changed to `!ht'.

[6 <./figures/client/multiple route.png> <./figures/client/add alert.png> <./figures/client/welcome.png> <./figures/client/home menu.png>]
<./figures/manager means.png, id=39, 1378.1889pt x 709.6914pt>
File: ./figures/manager means.png Graphic file (type png)
<use ./figures/manager means.png>
Package pdftex.def Info: ./figures/manager means.png  used on input line 425.
(pdftex.def)             Requested size: 248.0633pt x 127.73894pt.
<./figures/manager means total.png, id=41, 1378.1889pt x 709.6914pt>
File: ./figures/manager means total.png Graphic file (type png)
<use ./figures/manager means total.png>
Package pdftex.def Info: ./figures/manager means total.png  used on input line 442.
(pdftex.def)             Requested size: 248.0633pt x 127.73894pt.
<./figures/client means.png, id=42, 1378.1889pt x 709.6914pt>
File: ./figures/client means.png Graphic file (type png)
<use ./figures/client means.png>
Package pdftex.def Info: ./figures/client means.png  used on input line 463.
(pdftex.def)             Requested size: 248.0633pt x 127.73894pt.


LaTeX Warning: `h' float specifier changed to `ht'.

[7 <./figures/manager means.png> <./figures/manager means total.png>]
<./figures/client means total.png, id=49, 1378.1889pt x 709.6914pt>
File: ./figures/client means total.png Graphic file (type png)
<use ./figures/client means total.png>
Package pdftex.def Info: ./figures/client means total.png  used on input line 482.
(pdftex.def)             Requested size: 248.0633pt x 127.73894pt.

Underfull \hbox (badness 1571) in paragraph at lines 491--492
[]\OT1/ptm/m/n/10 2) Sug-ges-tions for im-prove-ment in-cluded us-ing
 []

[8 <./figures/client means.png> <./figures/client means total.png>]
<./figures/ltfrb/puj.jpeg, id=55, 1255.69125pt x 1929.2075pt>
File: ./figures/ltfrb/puj.jpeg Graphic file (type jpg)
<use ./figures/ltfrb/puj.jpeg>
Package pdftex.def Info: ./figures/ltfrb/puj.jpeg  used on input line 512.
(pdftex.def)             Requested size: 175.79558pt x 270.0872pt.
<./figures/ltfrb/mpuj.jpeg, id=56, 1308.89pt x 1982.40625pt>
File: ./figures/ltfrb/mpuj.jpeg Graphic file (type jpg)
<use ./figures/ltfrb/mpuj.jpeg>
Package pdftex.def Info: ./figures/ltfrb/mpuj.jpeg  used on input line 519.
(pdftex.def)             Requested size: 183.24335pt x 277.53499pt.
<./figures/ltfrb/pub.jpeg, id=57, 1286.8075pt x 1974.37625pt>
File: ./figures/ltfrb/pub.jpeg Graphic file (type jpg)
<use ./figures/ltfrb/pub.jpeg>
Package pdftex.def Info: ./figures/ltfrb/pub.jpeg  used on input line 528.
(pdftex.def)             Requested size: 180.15182pt x 276.4108pt.
<./figures/ltfrb/pub ordinary.jpeg, id=58, 1206.5075pt x 1818.795pt>
File: ./figures/ltfrb/pub ordinary.jpeg Graphic file (type jpg)
<use ./figures/ltfrb/pub ordinary.jpeg>
Package pdftex.def Info: ./figures/ltfrb/pub ordinary.jpeg  used on input line 535.
(pdftex.def)             Requested size: 168.9099pt x 254.62956pt.
 (./atienza-sp-ieee.bbl [9 <./figures/ltfrb/puj.jpeg> <./figures/ltfrb/mpuj.jpeg> <./figures/ltfrb/pub.jpeg> <./figures/ltfrb/pub ordinary.jpeg>])
<./figures/sablay pic.jpg, id=62, 4221.7725pt x 5277.7175pt>
File: ./figures/sablay pic.jpg Graphic file (type jpg)
<use ./figures/sablay pic.jpg>
Package pdftex.def Info: ./figures/sablay pic.jpg  used on input line 554.
(pdftex.def)             Requested size: 76.01439pt x 95.02702pt.

Overfull \hbox (3.7444pt too wide) in paragraph at lines 554--554
 [][] 
 []

File: ./figures/sablay pic.jpg Graphic file (type jpg)
<use ./figures/sablay pic.jpg>
Package pdftex.def Info: ./figures/sablay pic.jpg  used on input line 554.
(pdftex.def)             Requested size: 76.01439pt x 95.02702pt.

Overfull \hbox (3.7444pt too wide) in paragraph at lines 554--554
 [][] 
 []

[10 <./figures/sablay pic.JPG>] (./atienza-sp-ieee.aux)
 ***********
LaTeX2e <2023-11-01> patch level 1
L3 programming layer <2024-03-14>
 ***********
 ) 
Here is how much of TeX's memory you used:
 2184 strings out of 474104
 40225 string characters out of 5720336
 1946493 words of memory out of 5000000
 24569 multiletter control sequences out of 15000+600000
 595604 words of font info for 97 fonts, out of 8000000 for 9000
 1141 hyphenation exceptions out of 8191
 57i,11n,65p,700b,315s stack positions out of 10000i,1000n,20000p,200000b,200000s
</opt/texlive/2024/texmf-dist/fonts/type1/public/amsfonts/cm/cmsy10.pfb></opt/texlive/2024/texmf-dist/fonts/type1/public/amsfonts/cm/cmsy7.pfb></opt/texlive/2024/texmf-dist/fonts/type1/urw/times/utmb8a.pfb></opt/texlive/2024/texmf-dist/fonts/type1/urw/times/utmbi8a.pfb></opt/texlive/2024/texmf-dist/fonts/type1/urw/times/utmr8a.pfb></opt/texlive/2024/texmf-dist/fonts/type1/urw/times/utmri8a.pfb>
Output written on atienza-sp-ieee.pdf (10 pages, 15209744 bytes).
PDF statistics:
 94 PDF objects out of 1000 (max. 8388607)
 44 compressed objects within 1 object stream
 0 named destinations out of 1000 (max. 500000)
 106 words of extra memory for PDF output out of 10000 (max. 10000000)

